[INFO  - 2019-12-19T11:19:51.899Z] GhostDriver - Main - running on port 52293
[INFO  - 2019-12-19T11:19:52.297Z] Session [7a02ca40-2251-11ea-8882-dba251891c8a] - page.settings - {"XSSAuditingEnabled":false,"javascriptCanCloseWindows":true,"javascriptCanOpenWindows":true,"javascriptEnabled":true,"loadImages":true,"localToRemoteUrlAccessEnabled":false,"userAgent":"Mozilla/5.0 (Windows NT 6.1; WOW64) AppleWebKit/538.1 (KHTML, like Gecko) PhantomJS/2.1.1 Safari/538.1","webSecurityEnabled":true}
[INFO  - 2019-12-19T11:19:52.297Z] Session [7a02ca40-2251-11ea-8882-dba251891c8a] - page.customHeaders:  - {}
[INFO  - 2019-12-19T11:19:52.297Z] Session [7a02ca40-2251-11ea-8882-dba251891c8a] - Session.negotiatedCapabilities - {"browserName":"phantomjs","version":"2.1.1","driverName":"ghostdriver","driverVersion":"1.2.0","platform":"windows-7-32bit","javascriptEnabled":true,"takesScreenshot":true,"handlesAlerts":false,"databaseEnabled":false,"locationContextEnabled":false,"applicationCacheEnabled":false,"browserConnectionEnabled":false,"cssSelectorsEnabled":true,"webStorageEnabled":false,"rotatable":false,"acceptSslCerts":false,"nativeEvents":true,"proxy":{"proxyType":"direct"}}
[INFO  - 2019-12-19T11:19:52.297Z] SessionManagerReqHand - _postNewSessionCommand - New Session Created: 7a02ca40-2251-11ea-8882-dba251891c8a
[ERROR - 2019-12-19T11:19:57.149Z] Session [7a02ca40-2251-11ea-8882-dba251891c8a] - page.onError - msg: Error: Minified React error #31; visit https://reactjs.org/docs/error-decoder.html?invariant=31&args[]=object%20with%20keys%20%7B%24%24typeof%2C%20type%2C%20key%2C%20ref%2C%20props%2C%20_owner%7D&args[]= for the full message or use the non-minified dev environment for full errors and additional helpful warnings. 

  phantomjs://platform/console++.js:263 in error
[ERROR - 2019-12-19T11:19:57.150Z] Session [7a02ca40-2251-11ea-8882-dba251891c8a] - page.onError - stack:
  Go (https://static.zhihu.com/heifetz/vendor.1c14c07589f9cc850a64.js:22)
  (anonymous function) (https://static.zhihu.com/heifetz/vendor.1c14c07589f9cc850a64.js:22)
  Qu (https://static.zhihu.com/heifetz/vendor.1c14c07589f9cc850a64.js:22)
  Bu (https://static.zhihu.com/heifetz/vendor.1c14c07589f9cc850a64.js:22)
  Uu (https://static.zhihu.com/heifetz/vendor.1c14c07589f9cc850a64.js:22)
  ju (https://static.zhihu.com/heifetz/vendor.1c14c07589f9cc850a64.js:22)
  ul (https://static.zhihu.com/heifetz/vendor.1c14c07589f9cc850a64.js:22)
  ll (https://static.zhihu.com/heifetz/vendor.1c14c07589f9cc850a64.js:22)
  (anonymous function) (https://static.zhihu.com/heifetz/vendor.1c14c07589f9cc850a64.js:22)
  Du (https://static.zhihu.com/heifetz/vendor.1c14c07589f9cc850a64.js:22)
  vl (https://static.zhihu.com/heifetz/vendor.1c14c07589f9cc850a64.js:22)
  hydrate (https://static.zhihu.com/heifetz/vendor.1c14c07589f9cc850a64.js:22)
  t (https://static.zhihu.com/heifetz/main.app.738f8db7d8f0c603520e.js:74)
  renderCallback (https://static.zhihu.com/heifetz/main.app.738f8db7d8f0c603520e.js:74)
  (anonymous function) (https://static.zhihu.com/heifetz/main.app.738f8db7d8f0c603520e.js:74)
  (anonymous function) (https://static.zhihu.com/heifetz/main.app.738f8db7d8f0c603520e.js:63)
  h (https://static.zhihu.com/heifetz/main.app.738f8db7d8f0c603520e.js:63)
  s (https://static.zhihu.com/heifetz/main.app.738f8db7d8f0c603520e.js:63)

  phantomjs://platform/console++.js:263 in error
[ERROR - 2019-12-19T11:19:57.565Z] WebElementLocator - _handleLocateCommand - Element(s) NOT Found: GAVE UP. Search Stop Time: 1576754397559

  phantomjs://platform/console++.js:263 in error
[ERROR - 2019-12-19T11:20:00.926Z] WebElementLocator - _handleLocateCommand - Element(s) NOT Found: GAVE UP. Search Stop Time: 1576754400907

  phantomjs://platform/console++.js:263 in error
[ERROR - 2019-12-19T11:20:03.899Z] WebElementLocator - _handleLocateCommand - Element(s) NOT Found: GAVE UP. Search Stop Time: 1576754403852

  phantomjs://platform/console++.js:263 in error
[ERROR - 2019-12-19T11:20:07.063Z] WebElementLocator - _handleLocateCommand - Element(s) NOT Found: GAVE UP. Search Stop Time: 1576754407015

  phantomjs://platform/console++.js:263 in error
[ERROR - 2019-12-19T11:20:09.943Z] WebElementLocator - _handleLocateCommand - Element(s) NOT Found: GAVE UP. Search Stop Time: 1576754409915

  phantomjs://platform/console++.js:263 in error
[ERROR - 2019-12-19T11:20:12.772Z] WebElementLocator - _handleLocateCommand - Element(s) NOT Found: GAVE UP. Search Stop Time: 1576754412731

  phantomjs://platform/console++.js:263 in error
[ERROR - 2019-12-19T11:20:15.893Z] WebElementLocator - _handleLocateCommand - Element(s) NOT Found: GAVE UP. Search Stop Time: 1576754415852

  phantomjs://platform/console++.js:263 in error
[ERROR - 2019-12-19T11:20:19.136Z] Session [7a02ca40-2251-11ea-8882-dba251891c8a] - page.onError - msg: Error: Minified React error #31; visit https://reactjs.org/docs/error-decoder.html?invariant=31&args[]=object%20with%20keys%20%7B%24%24typeof%2C%20type%2C%20key%2C%20ref%2C%20props%2C%20_owner%7D&args[]= for the full message or use the non-minified dev environment for full errors and additional helpful warnings. 

  phantomjs://platform/console++.js:263 in error
[ERROR - 2019-12-19T11:20:19.136Z] Session [7a02ca40-2251-11ea-8882-dba251891c8a] - page.onError - stack:
  Go (https://static.zhihu.com/heifetz/vendor.1c14c07589f9cc850a64.js:22)
  (anonymous function) (https://static.zhihu.com/heifetz/vendor.1c14c07589f9cc850a64.js:22)
  Qu (https://static.zhihu.com/heifetz/vendor.1c14c07589f9cc850a64.js:22)
  Bu (https://static.zhihu.com/heifetz/vendor.1c14c07589f9cc850a64.js:22)
  Uu (https://static.zhihu.com/heifetz/vendor.1c14c07589f9cc850a64.js:22)
  ju (https://static.zhihu.com/heifetz/vendor.1c14c07589f9cc850a64.js:22)
  ul (https://static.zhihu.com/heifetz/vendor.1c14c07589f9cc850a64.js:22)
  ll (https://static.zhihu.com/heifetz/vendor.1c14c07589f9cc850a64.js:22)
  (anonymous function) (https://static.zhihu.com/heifetz/vendor.1c14c07589f9cc850a64.js:22)
  Du (https://static.zhihu.com/heifetz/vendor.1c14c07589f9cc850a64.js:22)
  vl (https://static.zhihu.com/heifetz/vendor.1c14c07589f9cc850a64.js:22)
  hydrate (https://static.zhihu.com/heifetz/vendor.1c14c07589f9cc850a64.js:22)
  t (https://static.zhihu.com/heifetz/main.app.738f8db7d8f0c603520e.js:74)
  renderCallback (https://static.zhihu.com/heifetz/main.app.738f8db7d8f0c603520e.js:74)
  (anonymous function) (https://static.zhihu.com/heifetz/main.app.738f8db7d8f0c603520e.js:74)
  (anonymous function) (https://static.zhihu.com/heifetz/main.app.738f8db7d8f0c603520e.js:63)
  h (https://static.zhihu.com/heifetz/main.app.738f8db7d8f0c603520e.js:63)
  s (https://static.zhihu.com/heifetz/main.app.738f8db7d8f0c603520e.js:63)

  phantomjs://platform/console++.js:263 in error
[ERROR - 2019-12-19T11:20:19.481Z] WebElementLocator - _handleLocateCommand - Element(s) NOT Found: GAVE UP. Search Stop Time: 1576754419448

  phantomjs://platform/console++.js:263 in error
[ERROR - 2019-12-19T11:20:21.839Z] WebElementLocator - _handleLocateCommand - Element(s) NOT Found: GAVE UP. Search Stop Time: 1576754421799

  phantomjs://platform/console++.js:263 in error
[ERROR - 2019-12-19T11:20:24.373Z] WebElementLocator - _handleLocateCommand - Element(s) NOT Found: GAVE UP. Search Stop Time: 1576754424331

  phantomjs://platform/console++.js:263 in error
[ERROR - 2019-12-19T11:20:26.574Z] WebElementLocator - _handleLocateCommand - Element(s) NOT Found: GAVE UP. Search Stop Time: 1576754426523

  phantomjs://platform/console++.js:263 in error
[ERROR - 2019-12-19T11:20:28.960Z] WebElementLocator - _handleLocateCommand - Element(s) NOT Found: GAVE UP. Search Stop Time: 1576754428922

  phantomjs://platform/console++.js:263 in error
[ERROR - 2019-12-19T11:20:31.307Z] WebElementLocator - _handleLocateCommand - Element(s) NOT Found: GAVE UP. Search Stop Time: 1576754431261

  phantomjs://platform/console++.js:263 in error
[ERROR - 2019-12-19T11:20:33.391Z] WebElementLocator - _handleLocateCommand - Element(s) NOT Found: GAVE UP. Search Stop Time: 1576754433351

  phantomjs://platform/console++.js:263 in error
[ERROR - 2019-12-19T11:20:35.482Z] WebElementLocator - _handleLocateCommand - Element(s) NOT Found: GAVE UP. Search Stop Time: 1576754435457

  phantomjs://platform/console++.js:263 in error
[ERROR - 2019-12-19T11:20:37.586Z] WebElementLocator - _handleLocateCommand - Element(s) NOT Found: GAVE UP. Search Stop Time: 1576754437547

  phantomjs://platform/console++.js:263 in error
[ERROR - 2019-12-19T11:20:40.330Z] Session [7a02ca40-2251-11ea-8882-dba251891c8a] - page.onError - msg: Error: Minified React error #31; visit https://reactjs.org/docs/error-decoder.html?invariant=31&args[]=object%20with%20keys%20%7B%24%24typeof%2C%20type%2C%20key%2C%20ref%2C%20props%2C%20_owner%7D&args[]= for the full message or use the non-minified dev environment for full errors and additional helpful warnings. 

  phantomjs://platform/console++.js:263 in error
[ERROR - 2019-12-19T11:20:40.330Z] Session [7a02ca40-2251-11ea-8882-dba251891c8a] - page.onError - stack:
  Go (https://static.zhihu.com/heifetz/vendor.1c14c07589f9cc850a64.js:22)
  (anonymous function) (https://static.zhihu.com/heifetz/vendor.1c14c07589f9cc850a64.js:22)
  Qu (https://static.zhihu.com/heifetz/vendor.1c14c07589f9cc850a64.js:22)
  Bu (https://static.zhihu.com/heifetz/vendor.1c14c07589f9cc850a64.js:22)
  Uu (https://static.zhihu.com/heifetz/vendor.1c14c07589f9cc850a64.js:22)
  ju (https://static.zhihu.com/heifetz/vendor.1c14c07589f9cc850a64.js:22)
  ul (https://static.zhihu.com/heifetz/vendor.1c14c07589f9cc850a64.js:22)
  ll (https://static.zhihu.com/heifetz/vendor.1c14c07589f9cc850a64.js:22)
  (anonymous function) (https://static.zhihu.com/heifetz/vendor.1c14c07589f9cc850a64.js:22)
  Du (https://static.zhihu.com/heifetz/vendor.1c14c07589f9cc850a64.js:22)
  vl (https://static.zhihu.com/heifetz/vendor.1c14c07589f9cc850a64.js:22)
  hydrate (https://static.zhihu.com/heifetz/vendor.1c14c07589f9cc850a64.js:22)
  t (https://static.zhihu.com/heifetz/main.app.738f8db7d8f0c603520e.js:74)
  renderCallback (https://static.zhihu.com/heifetz/main.app.738f8db7d8f0c603520e.js:74)
  (anonymous function) (https://static.zhihu.com/heifetz/main.app.738f8db7d8f0c603520e.js:74)
  (anonymous function) (https://static.zhihu.com/heifetz/main.app.738f8db7d8f0c603520e.js:63)
  h (https://static.zhihu.com/heifetz/main.app.738f8db7d8f0c603520e.js:63)
  s (https://static.zhihu.com/heifetz/main.app.738f8db7d8f0c603520e.js:63)

  phantomjs://platform/console++.js:263 in error
[ERROR - 2019-12-19T11:20:40.976Z] WebElementLocator - _handleLocateCommand - Element(s) NOT Found: GAVE UP. Search Stop Time: 1576754440944

  phantomjs://platform/console++.js:263 in error
[ERROR - 2019-12-19T11:20:43.249Z] WebElementLocator - _handleLocateCommand - Element(s) NOT Found: GAVE UP. Search Stop Time: 1576754443220

  phantomjs://platform/console++.js:263 in error
[ERROR - 2019-12-19T11:20:45.558Z] WebElementLocator - _handleLocateCommand - Element(s) NOT Found: GAVE UP. Search Stop Time: 1576754445515

  phantomjs://platform/console++.js:263 in error
[ERROR - 2019-12-19T11:20:48.044Z] WebElementLocator - _handleLocateCommand - Element(s) NOT Found: GAVE UP. Search Stop Time: 1576754447998

  phantomjs://platform/console++.js:263 in error
[ERROR - 2019-12-19T11:20:50.206Z] WebElementLocator - _handleLocateCommand - Element(s) NOT Found: GAVE UP. Search Stop Time: 1576754450174

  phantomjs://platform/console++.js:263 in error
[ERROR - 2019-12-19T11:20:52.334Z] WebElementLocator - _handleLocateCommand - Element(s) NOT Found: GAVE UP. Search Stop Time: 1576754452300

  phantomjs://platform/console++.js:263 in error
[ERROR - 2019-12-19T11:20:54.450Z] WebElementLocator - _handleLocateCommand - Element(s) NOT Found: GAVE UP. Search Stop Time: 1576754454413

  phantomjs://platform/console++.js:263 in error
[ERROR - 2019-12-19T11:20:56.577Z] WebElementLocator - _handleLocateCommand - Element(s) NOT Found: GAVE UP. Search Stop Time: 1576754456547

  phantomjs://platform/console++.js:263 in error
[ERROR - 2019-12-19T11:20:58.848Z] WebElementLocator - _handleLocateCommand - Element(s) NOT Found: GAVE UP. Search Stop Time: 1576754458804

  phantomjs://platform/console++.js:263 in error
[ERROR - 2019-12-19T11:21:01.482Z] Session [7a02ca40-2251-11ea-8882-dba251891c8a] - page.onError - msg: Error: Minified React error #31; visit https://reactjs.org/docs/error-decoder.html?invariant=31&args[]=object%20with%20keys%20%7B%24%24typeof%2C%20type%2C%20key%2C%20ref%2C%20props%2C%20_owner%7D&args[]= for the full message or use the non-minified dev environment for full errors and additional helpful warnings. 

  phantomjs://platform/console++.js:263 in error
[ERROR - 2019-12-19T11:21:01.482Z] Session [7a02ca40-2251-11ea-8882-dba251891c8a] - page.onError - stack:
  Go (https://static.zhihu.com/heifetz/vendor.1c14c07589f9cc850a64.js:22)
  (anonymous function) (https://static.zhihu.com/heifetz/vendor.1c14c07589f9cc850a64.js:22)
  Qu (https://static.zhihu.com/heifetz/vendor.1c14c07589f9cc850a64.js:22)
  Bu (https://static.zhihu.com/heifetz/vendor.1c14c07589f9cc850a64.js:22)
  Uu (https://static.zhihu.com/heifetz/vendor.1c14c07589f9cc850a64.js:22)
  ju (https://static.zhihu.com/heifetz/vendor.1c14c07589f9cc850a64.js:22)
  ul (https://static.zhihu.com/heifetz/vendor.1c14c07589f9cc850a64.js:22)
  ll (https://static.zhihu.com/heifetz/vendor.1c14c07589f9cc850a64.js:22)
  (anonymous function) (https://static.zhihu.com/heifetz/vendor.1c14c07589f9cc850a64.js:22)
  Du (https://static.zhihu.com/heifetz/vendor.1c14c07589f9cc850a64.js:22)
  vl (https://static.zhihu.com/heifetz/vendor.1c14c07589f9cc850a64.js:22)
  hydrate (https://static.zhihu.com/heifetz/vendor.1c14c07589f9cc850a64.js:22)
  t (https://static.zhihu.com/heifetz/main.app.738f8db7d8f0c603520e.js:74)
  renderCallback (https://static.zhihu.com/heifetz/main.app.738f8db7d8f0c603520e.js:74)
  (anonymous function) (https://static.zhihu.com/heifetz/main.app.738f8db7d8f0c603520e.js:74)
  (anonymous function) (https://static.zhihu.com/heifetz/main.app.738f8db7d8f0c603520e.js:63)
  h (https://static.zhihu.com/heifetz/main.app.738f8db7d8f0c603520e.js:63)
  s (https://static.zhihu.com/heifetz/main.app.738f8db7d8f0c603520e.js:63)

  phantomjs://platform/console++.js:263 in error
[ERROR - 2019-12-19T11:21:01.719Z] WebElementLocator - _handleLocateCommand - Element(s) NOT Found: GAVE UP. Search Stop Time: 1576754461690

  phantomjs://platform/console++.js:263 in error
[ERROR - 2019-12-19T11:21:04.034Z] WebElementLocator - _handleLocateCommand - Element(s) NOT Found: GAVE UP. Search Stop Time: 1576754463997

  phantomjs://platform/console++.js:263 in error
[ERROR - 2019-12-19T11:21:06.343Z] WebElementLocator - _handleLocateCommand - Element(s) NOT Found: GAVE UP. Search Stop Time: 1576754466305

  phantomjs://platform/console++.js:263 in error
[ERROR - 2019-12-19T11:21:08.979Z] WebElementLocator - _handleLocateCommand - Element(s) NOT Found: GAVE UP. Search Stop Time: 1576754468929

  phantomjs://platform/console++.js:263 in error
[ERROR - 2019-12-19T11:21:11.329Z] WebElementLocator - _handleLocateCommand - Element(s) NOT Found: GAVE UP. Search Stop Time: 1576754471280

  phantomjs://platform/console++.js:263 in error
[ERROR - 2019-12-19T11:21:13.621Z] WebElementLocator - _handleLocateCommand - Element(s) NOT Found: GAVE UP. Search Stop Time: 1576754473592

  phantomjs://platform/console++.js:263 in error
[ERROR - 2019-12-19T11:21:15.931Z] WebElementLocator - _handleLocateCommand - Element(s) NOT Found: GAVE UP. Search Stop Time: 1576754475895

  phantomjs://platform/console++.js:263 in error
[ERROR - 2019-12-19T11:21:18.286Z] WebElementLocator - _handleLocateCommand - Element(s) NOT Found: GAVE UP. Search Stop Time: 1576754478275

  phantomjs://platform/console++.js:263 in error
[ERROR - 2019-12-19T11:21:20.532Z] WebElementLocator - _handleLocateCommand - Element(s) NOT Found: GAVE UP. Search Stop Time: 1576754480481

  phantomjs://platform/console++.js:263 in error
[ERROR - 2019-12-19T11:21:23.135Z] Session [7a02ca40-2251-11ea-8882-dba251891c8a] - page.onError - msg: Error: Minified React error #31; visit https://reactjs.org/docs/error-decoder.html?invariant=31&args[]=object%20with%20keys%20%7B%24%24typeof%2C%20type%2C%20key%2C%20ref%2C%20props%2C%20_owner%7D&args[]= for the full message or use the non-minified dev environment for full errors and additional helpful warnings. 

  phantomjs://platform/console++.js:263 in error
[ERROR - 2019-12-19T11:21:23.136Z] Session [7a02ca40-2251-11ea-8882-dba251891c8a] - page.onError - stack:
  Go (https://static.zhihu.com/heifetz/vendor.1c14c07589f9cc850a64.js:22)
  (anonymous function) (https://static.zhihu.com/heifetz/vendor.1c14c07589f9cc850a64.js:22)
  Qu (https://static.zhihu.com/heifetz/vendor.1c14c07589f9cc850a64.js:22)
  Bu (https://static.zhihu.com/heifetz/vendor.1c14c07589f9cc850a64.js:22)
  Uu (https://static.zhihu.com/heifetz/vendor.1c14c07589f9cc850a64.js:22)
  ju (https://static.zhihu.com/heifetz/vendor.1c14c07589f9cc850a64.js:22)
  ul (https://static.zhihu.com/heifetz/vendor.1c14c07589f9cc850a64.js:22)
  ll (https://static.zhihu.com/heifetz/vendor.1c14c07589f9cc850a64.js:22)
  (anonymous function) (https://static.zhihu.com/heifetz/vendor.1c14c07589f9cc850a64.js:22)
  Du (https://static.zhihu.com/heifetz/vendor.1c14c07589f9cc850a64.js:22)
  vl (https://static.zhihu.com/heifetz/vendor.1c14c07589f9cc850a64.js:22)
  hydrate (https://static.zhihu.com/heifetz/vendor.1c14c07589f9cc850a64.js:22)
  t (https://static.zhihu.com/heifetz/main.app.738f8db7d8f0c603520e.js:74)
  renderCallback (https://static.zhihu.com/heifetz/main.app.738f8db7d8f0c603520e.js:74)
  (anonymous function) (https://static.zhihu.com/heifetz/main.app.738f8db7d8f0c603520e.js:74)
  (anonymous function) (https://static.zhihu.com/heifetz/main.app.738f8db7d8f0c603520e.js:63)
  h (https://static.zhihu.com/heifetz/main.app.738f8db7d8f0c603520e.js:63)
  s (https://static.zhihu.com/heifetz/main.app.738f8db7d8f0c603520e.js:63)

  phantomjs://platform/console++.js:263 in error
[ERROR - 2019-12-19T11:21:23.479Z] WebElementLocator - _handleLocateCommand - Element(s) NOT Found: GAVE UP. Search Stop Time: 1576754483440

  phantomjs://platform/console++.js:263 in error
[ERROR - 2019-12-19T11:21:24.416Z] WebElementLocator - _handleLocateCommand - Element(s) NOT Found: GAVE UP. Search Stop Time: 1576754484379

  phantomjs://platform/console++.js:263 in error
[ERROR - 2019-12-19T11:21:25.352Z] WebElementLocator - _handleLocateCommand - Element(s) NOT Found: GAVE UP. Search Stop Time: 1576754485306

  phantomjs://platform/console++.js:263 in error
[ERROR - 2019-12-19T11:21:26.289Z] WebElementLocator - _handleLocateCommand - Element(s) NOT Found: GAVE UP. Search Stop Time: 1576754486247

  phantomjs://platform/console++.js:263 in error
[ERROR - 2019-12-19T11:21:27.226Z] WebElementLocator - _handleLocateCommand - Element(s) NOT Found: GAVE UP. Search Stop Time: 1576754487194

  phantomjs://platform/console++.js:263 in error
[ERROR - 2019-12-19T11:21:28.160Z] WebElementLocator - _handleLocateCommand - Element(s) NOT Found: GAVE UP. Search Stop Time: 1576754488114

  phantomjs://platform/console++.js:263 in error
[ERROR - 2019-12-19T11:21:29.110Z] WebElementLocator - _handleLocateCommand - Element(s) NOT Found: GAVE UP. Search Stop Time: 1576754489071

  phantomjs://platform/console++.js:263 in error
[ERROR - 2019-12-19T11:21:30.045Z] WebElementLocator - _handleLocateCommand - Element(s) NOT Found: GAVE UP. Search Stop Time: 1576754490015

  phantomjs://platform/console++.js:263 in error
[ERROR - 2019-12-19T11:21:30.968Z] WebElementLocator - _handleLocateCommand - Element(s) NOT Found: GAVE UP. Search Stop Time: 1576754490936

  phantomjs://platform/console++.js:263 in error
[ERROR - 2019-12-19T11:21:31.905Z] WebElementLocator - _handleLocateCommand - Element(s) NOT Found: GAVE UP. Search Stop Time: 1576754491874

  phantomjs://platform/console++.js:263 in error
[ERROR - 2019-12-19T11:21:32.839Z] WebElementLocator - _handleLocateCommand - Element(s) NOT Found: GAVE UP. Search Stop Time: 1576754492806

  phantomjs://platform/console++.js:263 in error
[ERROR - 2019-12-19T11:21:33.782Z] WebElementLocator - _handleLocateCommand - Element(s) NOT Found: GAVE UP. Search Stop Time: 1576754493738

  phantomjs://platform/console++.js:263 in error
[ERROR - 2019-12-19T11:21:34.734Z] WebElementLocator - _handleLocateCommand - Element(s) NOT Found: GAVE UP. Search Stop Time: 1576754494687

  phantomjs://platform/console++.js:263 in error
[ERROR - 2019-12-19T11:21:35.670Z] WebElementLocator - _handleLocateCommand - Element(s) NOT Found: GAVE UP. Search Stop Time: 1576754495624

  phantomjs://platform/console++.js:263 in error
[ERROR - 2019-12-19T11:21:36.600Z] WebElementLocator - _handleLocateCommand - Element(s) NOT Found: GAVE UP. Search Stop Time: 1576754496557

  phantomjs://platform/console++.js:263 in error
[ERROR - 2019-12-19T11:21:37.522Z] WebElementLocator - _handleLocateCommand - Element(s) NOT Found: GAVE UP. Search Stop Time: 1576754497490

  phantomjs://platform/console++.js:263 in error
[ERROR - 2019-12-19T11:21:38.457Z] WebElementLocator - _handleLocateCommand - Element(s) NOT Found: GAVE UP. Search Stop Time: 1576754498414

  phantomjs://platform/console++.js:263 in error
[ERROR - 2019-12-19T11:21:39.393Z] WebElementLocator - _handleLocateCommand - Element(s) NOT Found: GAVE UP. Search Stop Time: 1576754499350

  phantomjs://platform/console++.js:263 in error
[ERROR - 2019-12-19T11:21:40.319Z] WebElementLocator - _handleLocateCommand - Element(s) NOT Found: GAVE UP. Search Stop Time: 1576754500277

  phantomjs://platform/console++.js:263 in error
